{0 6 11 12 18 21}
{6 11 12 17 18 21}
{11 15 17 18 20 21}
{6 12 13 17 18 21}
{10 15 17 19 20 21}
{10 14 15 19 20 21}
{4 9 10 14 19 21}
{9 10 14 15 19 21}
{9 13 14 15 19 21}
{13 14 15 19 20 21}
{13 15 17 19 20 21}
{7 8 13 14 20 21}
{8 9 13 14 15 21}
{8 13 14 15 20 21}
{8 13 15 18 20 21}
{8 14 15 18 20 21}
{8 9 13 14 18 21}
{8 9 14 15 18 21}
{13 15 17 18 20 21}
{9 13 15 18 19 21}
{7 12 13 17 20 21}
{9 13 14 18 19 21}
{11 12 17 18 20 21}
{13 15 17 18 19 21}
{1 7 13 17 19 21}
{7 13 17 19 20 21}
{3 8 9 15 18 21}
{3 8 13 15 18 21}
{3 8 9 13 18 21}
{3 9 13 15 18 21}
{5 10 11 15 17 21}
{5 11 15 17 20 21}
{5 10 11 15 20 21}
{6 12 13 18 19 21}
{6 7 12 17 19 21}
{6 7 12 13 19 21}
{5 10 11 17 20 21}
{8 12 13 18 20 21}
{3 8 9 13 15 21}
{6 7 12 13 17 21}
{12 13 14 18 19 21}
{12 13 17 18 20 21}
{1 6 13 17 19 21}
{1 6 7 17 19 21}
{2 7 8 14 20 21}
{8 12 13 14 18 21}
{8 12 14 18 20 21}
{7 12 17 19 20 21}
{7 12 13 14 19 21}
{7 12 14 19 20 21}
{7 13 14 19 20 21}
{2 7 8 12 14 21}
{2 7 8 12 20 21}
{2 8 12 14 20 21}
{2 7 12 14 20 21}
{1 6 7 13 17 21}
{6 13 17 18 19 21}
{1 6 7 13 19 21}
{5 10 15 17 20 21}
{7 8 12 13 20 21}
{7 8 12 13 14 21}
{6 16 17 18 19 21}
{12 14 16 19 20 21}
{12 16 17 19 20 21}
{12 14 16 18 20 21}
{12 14 16 18 19 21}
{10 11 16 17 20 21}
{6 12 16 17 19 21}
{6 12 16 18 19 21}
{10 11 15 16 20 21}
{10 11 15 16 17 21}
{15 16 17 18 19 21}
{11 12 16 18 20 21}
{11 12 16 17 20 21}
{9 14 16 18 19 21}
{9 15 16 18 19 21}
{9 14 15 16 18 21}
{14 15 16 18 20 21}
{9 10 15 16 19 21}
{9 10 14 15 16 21}
{4 10 14 16 19 21}
{4 9 10 16 19 21}
{4 9 14 16 19 21}
{4 9 10 14 16 21}
{10 14 16 19 20 21}
{10 14 15 16 20 21}
{10 15 16 17 19 21}
{0 11 12 16 18 21}
{0 6 12 16 18 21}
{0 6 11 12 16 21}
{0 6 11 16 18 21}
{6 11 16 17 18 21}
{6 11 12 16 17 21}
{11 15 16 18 20 21}
{11 15 16 17 18 21}
{10 16 17 19 20 21}
