{12 13 18 19 22 23}
{14 15 18 20 24 25}
{7 12 13 19 22 23}
{9 14 15 18 24 25}
{7 13 19 20 22 23}
{12 18 19 21 22 23}
{5 10 11 15 20 26}
{0 6 11 12 18 21}
{18 19 20 22 23 24}
{18 19 20 22 24 26}
{8 12 14 18 20 23}
{5 10 11 17 20 26}
{1 7 13 17 19 22}
{2 8 12 14 20 23}
{8 9 14 15 18 24}
{8 14 15 18 20 24}
{7 13 17 19 20 22}
{6 11 12 17 18 21}
{6 12 13 18 19 22}
{18 19 20 24 25 26}
{2 7 12 14 20 23}
{1 6 7 13 19 22}
{7 8 13 14 20 23}
{2 7 8 14 20 23}
{18 19 20 23 24 25}
{7 13 14 19 20 23}
{6 7 12 13 19 22}
{11 12 17 18 20 21}
{7 12 13 14 19 23}
{2 7 8 12 14 23}
{7 8 12 13 14 23}
{8 12 13 14 18 23}
{12 13 14 18 19 23}
{1 6 7 17 19 22}
{2 7 8 12 20 23}
{7 8 12 13 20 23}
{8 12 13 18 20 23}
{6 7 12 17 19 22}
{7 12 14 19 20 23}
{8 13 18 20 23 24}
{13 14 18 19 23 24}
{8 13 14 18 23 24}
{13 14 19 20 23 24}
{8 13 14 20 23 24}
{9 13 14 15 19 24}
{13 15 17 19 20 24}
{8 9 13 14 15 24}
{3 8 9 13 15 24}
{8 13 14 15 20 24}
{13 14 15 19 20 24}
{8 14 18 20 23 24}
{3 8 9 13 18 24}
{8 9 13 14 18 24}
{9 13 14 18 19 24}
{8 13 15 18 20 24}
{3 8 13 15 18 24}
{13 15 17 18 20 24}
{3 9 13 15 18 24}
{13 15 17 18 19 24}
{9 13 15 18 19 24}
{3 8 9 15 18 24}
{15 17 18 19 24 26}
{15 17 18 20 24 26}
{18 19 20 21 22 23}
{15 17 19 20 24 26}
{18 19 20 21 22 26}
{10 15 17 19 20 26}
{5 10 11 15 17 26}
{5 10 15 17 20 26}
{5 11 15 17 20 26}
{7 12 17 19 20 22}
{11 15 17 18 20 26}
{6 13 17 18 19 22}
{10 15 19 20 25 26}
{1 6 13 17 19 22}
{15 19 20 24 25 26}
{6 12 13 17 18 22}
{12 14 18 20 21 23}
{15 18 20 24 25 26}
{15 18 19 24 25 26}
{9 15 18 19 24 25}
{9 14 18 19 24 25}
{14 18 20 23 24 25}
{14 15 19 20 24 25}
{9 14 15 19 24 25}
{14 19 20 23 24 25}
{14 18 19 23 24 25}
{1 6 7 13 17 22}
{6 7 12 13 17 22}
{7 12 13 17 20 22}
{4 9 10 14 19 25}
{9 10 14 15 19 25}
{10 14 15 19 20 25}
{12 13 17 18 20 22}
{6 12 18 19 21 22}
{18 19 20 21 25 26}
{7 12 13 20 22 23}
{12 13 18 20 22 23}
{7 12 19 20 22 23}
{13 18 20 22 23 24}
{13 18 19 22 23 24}
{13 19 20 22 23 24}
{13 17 19 20 22 24}
{13 17 18 20 22 24}
{18 19 20 21 23 25}
{12 14 18 19 21 23}
{13 17 18 19 22 24}
{17 18 19 22 24 26}
{17 18 20 22 24 26}
{17 19 20 22 24 26}
{17 19 20 21 22 26}
{17 18 20 21 22 26}
{17 18 19 21 22 26}
{6 12 17 19 21 22}
{12 19 20 21 22 23}
{12 18 20 21 22 23}
{12 14 19 20 21 23}
{12 17 18 20 21 22}
{12 17 19 20 21 22}
{11 17 18 20 21 26}
{14 18 19 21 23 25}
{14 19 20 21 23 25}
{14 18 20 21 23 25}
{6 17 18 19 21 22}
{6 12 17 18 21 22}
{6 16 17 18 19 21}
{14 16 18 20 21 25}
{14 16 19 20 21 25}
{14 16 18 19 21 25}
{11 16 18 20 21 26}
{11 16 17 20 21 26}
{11 16 17 18 21 26}
{12 16 17 19 20 21}
{12 14 16 19 20 21}
{6 12 16 17 19 21}
{16 17 18 19 21 26}
{16 17 19 20 21 26}
{12 14 16 18 19 21}
{16 18 20 21 25 26}
{16 18 19 21 25 26}
{16 19 20 21 25 26}
{6 12 16 18 19 21}
{10 14 15 16 20 25}
{10 14 16 19 20 25}
{9 10 15 16 19 25}
{9 10 14 15 16 25}
{4 9 14 16 19 25}
{4 9 10 14 16 25}
{4 9 10 16 19 25}
{4 10 14 16 19 25}
{9 14 16 18 19 25}
{9 15 16 18 19 25}
{15 16 18 19 25 26}
{15 16 18 20 25 26}
{12 14 16 18 20 21}
{10 15 16 20 25 26}
{10 15 16 19 25 26}
{10 16 19 20 25 26}
{11 15 16 18 20 26}
{11 15 16 17 18 26}
{10 11 15 16 17 26}
{10 16 17 19 20 26}
{10 15 16 17 19 26}
{15 16 17 18 19 26}
{11 12 16 18 20 21}
{11 12 16 17 20 21}
{6 11 12 16 17 21}
{14 15 16 18 20 25}
{9 14 15 16 18 25}
{10 11 15 16 20 26}
{0 6 11 16 18 21}
{0 6 11 12 16 21}
{0 11 12 16 18 21}
{0 6 12 16 18 21}
{10 11 16 17 20 26}
{6 11 16 17 18 21}
