{25 26 28 31 33 34 35 40}
{12 19 20 25 26 28 33 40}
{18 19 25 26 27 28 35 40}
{11 18 19 25 27 28 35 40}
{7 14 15 21 23 28 31 35}
{11 12 18 19 20 25 28 32}
{4 11 12 18 20 25 28 32}
{30 31 32 34 35 36 37 43}
{20 25 26 27 28 33 34 40}
{25 26 27 28 33 34 35 40}
{19 25 26 27 28 33 35 40}
{19 20 25 26 27 28 33 40}
{27 30 33 34 35 37 40 42}
{20 25 27 28 30 33 34 40}
{25 27 28 30 33 34 35 40}
{14 15 21 22 23 28 31 35}
{15 22 23 28 31 32 35 43}
{23 31 32 33 35 36 37 43}
{17 24 25 27 30 33 34 37}
{24 25 27 30 32 33 34 37}
{16 24 25 30 32 33 34 37}
{16 17 24 25 30 33 34 37}
{28 30 33 34 35 37 40 42}
{27 30 32 33 34 37 40 42}
{28 30 32 34 35 37 40 42}
{26 27 28 32 34 35 40 41}
{19 26 27 28 32 35 40 41}
{12 19 20 26 28 32 40 41}
{30 32 33 35 36 37 42 43}
{19 24 27 32 33 35 39 41}
{31 33 34 35 38 40 41 43}
{31 32 34 35 38 40 41 43}
{30 33 34 35 36 37 42 43}
{27 30 32 34 35 37 40 42}
{21 28 31 33 34 35 41 43}
{30 32 34 35 36 37 42 43}
{27 30 32 33 35 37 40 42}
{18 25 26 31 32 35 38 40}
{30 32 33 34 36 37 42 43}
{28 30 32 33 34 37 40 42}
{28 30 32 33 35 37 40 42}
{14 21 23 28 30 31 35 43}
{25 26 31 32 33 35 38 40}
{21 23 28 30 31 33 35 43}
{17 25 27 33 34 35 37 39}
{18 25 26 31 34 35 38 40}
{23 28 30 32 33 35 37 43}
{24 26 27 33 34 35 39 41}
{25 27 30 32 33 34 37 40}
{26 31 32 34 35 38 40 41}
{1 8 9 17 23 25 30 33}
{19 24 26 27 33 35 39 41}
{19 24 26 32 33 35 39 41}
{26 31 33 34 35 38 40 41}
{24 26 27 32 33 34 39 41}
{19 24 26 27 32 33 39 41}
{17 25 26 33 34 35 38 39}
{19 24 26 27 32 35 39 41}
{26 31 32 33 35 38 40 41}
{32 33 34 35 36 37 42 43}
{26 31 32 33 34 36 38 41}
{24 26 32 34 35 36 39 41}
{24 27 32 34 35 36 39 41}
{19 20 26 27 28 32 40 41}
{26 31 32 33 35 36 38 41}
{14 21 28 30 31 34 35 43}
{21 28 30 31 33 34 35 43}
{24 26 32 33 34 36 39 41}
{24 26 27 32 34 35 39 41}
{12 18 19 20 25 28 32 40}
{11 17 18 19 25 27 35 39}
{26 31 32 33 34 38 40 41}
{18 25 31 32 34 35 38 40}
{10 11 17 18 19 24 27 35}
{17 18 19 25 26 27 35 39}
{8 9 16 17 23 25 30 33}
{3 10 11 17 19 24 27 35}
{17 18 25 26 27 34 35 39}
{25 26 31 32 33 34 38 40}
{25 28 31 32 33 35 37 40}
{18 25 26 31 32 34 38 40}
{10 17 18 26 27 34 35 39}
{25 27 30 32 34 35 37 40}
{15 21 22 23 28 31 35 43}
{10 17 18 19 26 27 35 39}
{24 27 32 33 34 36 39 41}
{9 10 16 17 18 26 31 34}
{2 9 10 16 18 26 31 34}
{26 31 33 34 35 36 38 41}
{19 20 21 26 27 28 33 41}
{25 28 30 32 34 35 37 40}
{24 26 32 33 35 36 39 41}
{13 19 20 21 26 27 33 41}
{12 19 20 21 26 28 33 41}
{26 31 32 34 35 36 38 41}
{19 21 26 27 28 33 35 41}
{28 31 32 34 35 37 40 43}
{21 26 27 28 33 34 35 41}
{20 21 26 27 28 33 34 41}
{13 20 21 26 27 33 34 41}
{21 26 28 31 33 34 35 41}
{24 27 33 34 35 36 39 41}
{25 28 31 32 34 35 37 40}
{11 18 19 20 25 28 32 40}
{25 28 30 32 33 34 37 40}
{25 28 31 32 33 34 37 40}
{28 31 33 34 35 37 40 43}
{24 26 33 34 35 36 39 41}
{9 17 25 31 33 34 37 38}
{28 31 32 33 35 37 40 43}
{17 19 25 26 27 33 35 39}
{23 30 32 33 35 36 37 43}
{25 28 30 32 33 35 37 40}
{28 31 32 33 34 37 40 43}
{18 26 28 31 32 34 35 40}
{28 32 33 35 37 40 42 43}
{28 32 33 34 37 40 42 43}
{32 33 34 35 37 40 42 43}
{27 30 32 33 35 36 37 42}
{28 33 34 35 37 40 42 43}
{28 32 34 35 37 40 42 43}
{17 25 31 33 34 35 37 38}
{27 30 32 34 35 36 37 42}
{28 30 32 33 34 37 42 43}
{28 30 32 34 35 37 42 43}
{31 32 34 35 36 38 41 43}
{14 21 22 23 30 31 35 43}
{14 21 22 23 28 30 31 43}
{31 33 34 35 36 38 41 43}
{24 27 32 33 35 36 39 41}
{27 30 32 33 34 36 37 42}
{16 24 30 32 33 34 36 37}
{28 30 33 34 35 37 42 43}
{24 27 30 32 33 34 36 37}
{14 22 23 28 30 31 35 43}
{15 22 23 31 32 35 36 43}
{25 27 30 32 33 35 37 40}
{27 30 33 34 35 36 37 42}
{14 21 22 23 28 30 35 43}
{14 21 22 23 28 31 35 43}
{15 16 22 23 24 31 32 36}
{15 22 23 24 31 32 35 36}
{22 24 27 30 32 34 35 36}
{22 24 30 31 32 34 35 36}
{22 23 24 30 31 32 35 36}
{28 30 32 33 35 37 42 43}
{16 22 24 30 31 32 34 36}
{16 22 23 24 30 31 32 36}
{23 28 31 32 33 35 37 43}
{8 16 22 23 24 30 32 36}
{23 30 31 32 35 36 37 43}
{30 31 32 33 34 36 37 43}
{23 30 31 32 33 36 37 43}
{32 33 34 35 36 37 39 42}
{27 32 33 35 36 37 39 42}
{28 30 31 32 34 35 37 43}
{27 32 33 34 36 37 39 42}
{27 33 34 35 36 37 39 42}
{27 32 34 35 36 37 39 42}
{16 24 31 33 34 36 37 38}
{24 31 33 34 35 36 37 38}
{14 21 22 28 31 34 35 43}
{14 22 28 30 31 34 35 43}
{14 21 22 28 30 31 34 43}
{23 28 30 31 32 35 37 43}
{28 30 31 32 33 34 37 43}
{25 31 33 34 35 37 38 40}
{23 28 30 31 32 33 37 43}
{16 31 32 33 34 36 37 38}
{14 21 22 30 31 34 35 43}
{16 24 31 32 34 36 37 38}
{24 27 32 33 34 36 37 39}
{32 33 34 35 37 39 40 42}
{25 27 32 33 34 37 39 40}
{27 32 33 35 37 39 40 42}
{12 18 19 20 26 28 32 40}
{18 19 20 26 27 28 32 40}
{27 32 33 34 37 39 40 42}
{27 33 34 35 37 39 40 42}
{6 13 14 20 22 27 30 34}
{24 27 32 34 35 36 37 39}
{9 16 17 31 33 34 37 38}
{24 27 33 34 35 36 37 39}
{24 31 32 34 35 36 37 38}
{27 32 34 35 37 39 40 42}
{18 20 26 27 28 32 34 40}
{16 17 24 31 33 34 37 38}
{18 26 27 28 32 34 35 40}
{24 27 32 33 35 36 37 39}
{11 18 19 20 27 28 32 40}
{17 24 31 33 34 35 37 38}
{18 19 26 27 28 32 35 40}
{11 18 19 27 28 32 35 40}
{25 27 32 34 35 37 39 40}
{16 25 31 32 33 34 37 38}
{16 24 31 32 33 36 37 38}
{25 27 33 34 35 37 39 40}
{9 16 25 31 33 34 37 38}
{25 27 32 33 35 37 39 40}
{16 24 25 31 32 34 37 38}
{13 14 20 21 22 27 30 34}
{24 33 34 35 36 37 38 39}
{24 25 27 32 33 34 37 39}
{17 24 25 27 33 34 37 39}
{24 32 34 35 36 37 38 39}
{24 32 33 35 36 37 38 39}
{11 19 20 25 27 28 32 40}
{16 17 24 25 31 34 37 38}
{24 25 27 32 34 35 37 39}
{12 19 20 25 28 32 33 40}
{13 20 21 27 33 34 41 42}
{20 21 27 28 33 34 41 42}
{21 27 28 33 34 35 41 42}
{17 24 25 27 34 35 37 39}
{11 19 25 27 28 32 35 40}
{9 16 17 25 31 34 37 38}
{24 32 33 34 36 37 38 39}
{32 33 34 35 36 37 38 39}
{17 24 27 33 34 35 37 39}
{14 20 21 27 28 30 34 42}
{24 25 31 32 34 35 37 38}
{14 21 27 28 30 34 35 42}
{30 31 33 34 35 36 37 43}
{25 28 30 31 33 34 35 37}
{21 27 28 30 33 34 35 42}
{20 21 27 28 30 33 34 42}
{13 20 21 27 30 33 34 42}
{19 25 27 28 32 33 35 40}
{20 25 27 28 30 32 33 40}
{23 30 31 33 35 36 37 43}
{24 25 27 32 33 35 37 39}
{17 24 25 27 33 35 37 39}
{17 24 25 31 34 35 37 38}
{16 24 25 31 32 33 37 38}
{25 27 28 30 32 33 35 40}
{9 16 17 25 31 33 37 38}
{17 24 33 34 35 37 38 39}
{17 24 25 34 35 37 38 39}
{19 20 25 27 28 32 33 40}
{23 25 28 30 31 33 35 37}
{9 17 23 25 30 31 33 37}
{24 25 32 34 35 37 38 39}
{18 25 26 28 31 32 34 40}
{12 18 20 25 26 28 32 40}
{18 20 25 26 28 32 34 40}
{9 17 25 30 31 33 34 37}
{17 24 25 33 35 37 38 39}
{24 25 32 33 35 37 38 39}
{16 17 24 25 31 33 37 38}
{25 26 28 31 32 33 34 40}
{31 32 34 35 36 37 38 43}
{17 24 25 33 34 37 38 39}
{24 25 32 33 34 37 38 39}
{12 20 25 26 28 32 33 40}
{20 25 26 28 32 33 34 40}
{20 25 28 30 32 33 34 40}
{18 25 28 31 32 34 35 40}
{25 33 34 35 37 38 39 40}
{18 20 25 27 28 32 34 40}
{17 23 25 30 31 33 35 37}
{17 25 27 30 33 34 35 37}
{25 32 34 35 37 38 39 40}
{17 24 25 31 33 35 37 38}
{25 32 33 34 37 38 39 40}
{18 25 27 28 32 34 35 40}
{25 32 33 35 37 38 39 40}
{11 18 20 25 27 28 32 40}
{32 33 34 35 37 38 39 40}
{31 33 34 35 36 37 38 43}
{11 18 25 27 28 32 35 40}
{17 25 30 31 33 34 35 37}
{25 31 32 33 34 37 38 40}
{8 16 17 23 25 30 33 37}
{20 28 30 32 33 34 40 42}
{20 27 28 30 32 34 40 42}
{27 28 30 32 34 35 40 42}
{20 27 30 32 33 34 40 42}
{27 28 32 34 35 40 41 42}
{20 27 28 30 33 34 40 42}
{27 28 30 33 34 35 40 42}
{20 27 28 32 34 40 41 42}
{27 28 33 34 35 40 41 42}
{20 27 28 33 34 40 41 42}
{9 16 17 23 25 30 33 37}
{18 26 31 32 34 35 38 40}
{20 27 32 33 34 40 41 42}
{20 27 28 32 33 40 41 42}
{20 27 28 30 32 33 40 42}
{20 28 32 33 34 40 41 42}
{27 28 32 33 35 40 41 42}
{27 28 30 32 33 35 40 42}
{24 31 32 33 35 36 37 38}
{25 31 32 34 35 37 38 40}
{28 30 31 33 34 35 37 43}
{19 27 28 32 33 35 40 41}
{12 20 26 28 32 33 40 41}
{12 19 20 28 32 33 40 41}
{20 26 28 32 33 34 40 41}
{26 28 31 32 33 34 40 41}
{12 19 26 28 32 33 40 41}
{19 26 28 32 33 35 40 41}
{26 28 31 32 33 35 40 41}
{17 25 33 34 35 37 38 39}
{19 20 27 28 32 33 40 41}
{19 20 26 27 32 33 40 41}
{12 19 20 26 32 33 40 41}
{20 26 27 32 33 34 40 41}
{23 28 30 31 33 35 37 43}
{25 31 32 33 35 37 38 40}
{31 32 34 35 37 38 40 43}
{31 33 34 35 37 38 40 43}
{17 25 26 27 33 34 35 39}
{8 23 24 30 32 33 36 37}
{26 28 31 33 34 35 40 41}
{20 26 27 28 33 34 40 41}
{26 27 28 33 34 35 40 41}
{19 26 27 28 33 35 40 41}
{12 19 20 26 28 33 40 41}
{26 28 31 32 34 35 40 41}
{19 20 26 27 28 33 40 41}
{20 26 27 28 32 34 40 41}
{32 33 34 35 36 41 42 43}
{23 24 30 32 33 35 36 37}
{18 25 26 28 31 34 35 40}
{12 18 19 20 25 26 28 40}
{18 19 20 25 26 27 28 40}
{18 20 25 26 27 28 34 40}
{18 25 26 27 28 34 35 40}
{11 18 19 20 25 27 28 40}
{20 25 27 30 32 33 34 40}
{20 25 26 27 32 33 34 40}
{19 20 25 26 27 32 33 40}
{16 24 32 33 34 36 37 38}
{25 28 30 33 34 35 37 40}
{25 27 30 33 34 35 37 40}
{25 28 31 33 34 35 37 40}
{12 19 20 25 26 32 33 40}
{11 18 19 20 25 27 32 40}
{18 20 25 26 27 32 34 40}
{18 19 20 25 26 27 32 40}
{12 18 19 20 25 26 32 40}
{19 25 26 28 32 33 35 40}
{10 16 17 18 26 31 34 38}
{24 25 31 32 33 35 37 38}
{11 18 19 25 28 32 35 40}
{18 19 25 26 28 32 35 40}
{12 19 25 26 28 32 33 40}
{25 26 28 31 32 33 35 40}
{12 18 19 25 26 28 32 40}
{18 25 26 28 31 32 35 40}
{20 25 27 28 30 32 34 40}
{25 27 28 30 32 34 35 40}
{8 23 24 25 30 32 33 37}
{9 16 17 18 26 31 34 38}
{10 17 18 26 34 35 38 39}
{28 31 32 34 35 40 41 43}
{28 31 33 34 35 40 41 43}
{9 17 25 26 31 33 34 38}
{28 31 32 33 35 40 41 43}
{28 31 32 33 34 40 41 43}
{10 17 18 26 31 34 35 38}
{28 32 33 35 40 41 42 43}
{28 32 33 34 40 41 42 43}
{32 33 34 35 40 41 42 43}
{28 33 34 35 40 41 42 43}
{17 18 25 26 31 34 35 38}
{28 32 34 35 40 41 42 43}
{9 17 18 25 26 31 34 38}
{17 25 26 31 33 34 35 38}
{23 24 25 30 32 33 35 37}
{16 24 25 32 33 34 37 38}
{22 30 32 34 35 36 42 43}
{8 17 23 24 25 30 33 37}
{22 28 30 32 34 35 42 43}
{17 23 24 25 30 33 35 37}
{17 18 25 26 34 35 38 39}
{32 33 34 35 36 37 38 43}
{24 27 30 32 33 35 36 37}
{31 32 33 34 36 37 38 43}
{8 16 23 24 30 33 36 37}
{23 25 28 30 32 33 35 37}
{17 24 25 27 30 33 35 37}
{32 33 34 35 37 38 40 43}
{24 25 27 30 32 33 35 37}
{31 32 33 34 37 38 40 43}
{8 16 17 23 24 30 33 37}
{31 32 33 35 36 37 38 43}
{31 32 33 35 36 38 41 43}
{21 28 30 33 34 35 42 43}
{9 16 17 23 30 31 33 37}
{14 21 28 30 34 35 42 43}
{9 16 17 30 31 33 34 37}
{31 32 33 35 37 38 40 43}
{21 28 33 34 35 41 42 43}
{9 16 17 25 33 34 37 38}
{31 32 33 34 36 38 41 43}
{16 17 24 25 33 34 37 38}
{16 17 18 24 25 26 34 38}
{16 17 24 25 26 33 34 38}
{9 16 17 18 25 26 34 38}
{32 33 34 35 36 38 41 43}
{23 24 30 31 33 35 36 37}
{16 23 24 30 31 33 36 37}
{9 16 17 25 26 33 34 38}
{31 32 33 35 38 40 41 43}
{31 32 33 34 38 40 41 43}
{32 33 34 35 38 40 41 43}
{10 16 17 18 24 26 34 38}
{17 23 24 30 31 33 35 37}
{16 24 30 31 33 34 36 37}
{16 18 24 25 26 32 34 38}
{16 17 23 24 30 31 33 37}
{24 30 31 33 34 35 36 37}
{24 27 30 33 34 35 36 37}
{16 23 30 31 32 33 36 37}
{8 16 23 30 32 33 36 37}
{16 30 31 32 33 34 36 37}
{16 17 24 30 31 33 34 37}
{17 24 30 31 33 34 35 37}
{17 24 27 30 33 34 35 37}
{16 23 25 30 31 32 33 37}
{8 16 23 25 30 32 33 37}
{16 23 24 30 31 32 36 37}
{9 16 23 25 30 31 33 37}
{9 16 25 30 31 33 34 37}
{23 25 28 30 31 32 33 37}
{25 28 30 31 32 33 34 37}
{16 25 30 31 32 33 34 37}
{16 23 24 25 30 31 32 37}
{8 16 23 24 30 32 36 37}
{23 24 30 31 32 35 36 37}
{8 16 23 24 25 30 32 37}
{23 24 25 30 31 32 35 37}
{8 16 17 23 24 25 30 37}
{9 16 17 23 25 30 31 37}
{9 16 17 25 30 31 34 37}
{17 23 24 25 30 31 35 37}
{16 17 23 24 25 30 31 37}
{23 25 28 30 31 32 35 37}
{25 28 30 31 32 34 35 37}
{16 24 30 31 32 34 36 37}
{24 30 31 32 34 35 36 37}
{24 27 30 32 34 35 36 37}
{16 24 25 30 31 32 34 37}
{25 26 31 33 34 35 38 40}
{24 25 30 31 32 34 35 37}
{16 17 24 25 30 31 34 37}
{17 24 25 27 30 34 35 37}
{24 25 27 30 32 34 35 37}
{16 23 24 31 32 33 36 37}
{17 24 25 30 31 34 35 37}
{16 23 24 25 31 32 33 37}
{8 16 23 24 25 32 33 37}
{22 28 30 31 32 34 35 43}
{16 24 25 26 32 33 34 38}
{23 24 25 31 32 33 35 37}
{8 16 17 23 24 25 33 37}
{9 16 17 23 25 31 33 37}
{24 25 26 31 32 33 35 38}
{17 23 24 25 31 33 35 37}
{16 17 23 24 25 31 33 37}
{23 25 28 31 32 33 35 37}
{8 16 24 25 30 32 33 37}
{8 16 17 24 25 30 33 37}
{9 16 17 25 30 33 34 37}
{8 16 23 24 32 33 36 37}
{32 33 34 35 39 40 41 42}
{16 18 24 26 31 32 34 38}
{11 17 18 19 24 27 35 39}
{10 17 18 19 24 27 35 39}
{18 19 25 26 32 35 39 40}
{11 18 19 25 32 35 39 40}
{19 25 26 32 33 35 39 40}
{18 19 25 26 27 32 39 40}
{18 25 26 27 32 34 39 40}
{11 18 19 25 27 32 39 40}
{19 25 26 27 32 33 39 40}
{25 26 27 32 33 34 39 40}
{10 16 18 24 26 31 34 38}
{18 25 26 27 34 35 39 40}
{10 18 24 26 31 34 35 38}
{19 26 27 33 35 39 40 41}
{26 27 33 34 35 39 40 41}
{19 26 27 32 35 39 40 41}
{26 27 32 34 35 39 40 41}
{26 27 32 33 34 39 40 41}
{19 26 27 32 33 39 40 41}
{19 26 32 33 35 39 40 41}
{19 27 32 33 35 39 40 41}
{18 24 26 31 32 34 35 38}
{27 32 33 35 39 40 41 42}
{27 32 33 34 39 40 41 42}
{10 16 17 24 26 31 34 38}
{27 33 34 35 39 40 41 42}
{9 16 17 26 31 33 34 38}
{27 32 34 35 39 40 41 42}
{10 17 24 26 31 34 35 38}
{16 17 24 26 31 33 34 38}
{11 18 25 27 32 35 39 40}
{17 24 26 31 33 34 35 38}
{18 25 27 32 34 35 39 40}
{16 25 26 31 32 33 34 38}
{19 25 26 27 33 35 39 40}
{25 26 27 33 34 35 39 40}
{16 18 25 26 31 32 34 38}
{9 16 25 26 31 33 34 38}
{9 16 18 25 26 31 34 38}
{19 25 27 32 33 35 39 40}
{11 19 25 27 32 35 39 40}
{16 18 24 25 31 32 34 38}
{22 30 31 32 34 35 36 43}
{16 24 26 32 33 34 36 38}
{11 18 19 27 32 35 39 40}
{18 19 26 27 32 35 39 40}
{18 26 27 32 34 35 39 40}
{18 19 24 25 26 27 32 39}
{19 24 25 26 27 32 33 39}
{24 25 26 27 32 33 34 39}
{18 24 25 26 27 32 34 39}
{17 24 25 26 27 33 34 39}
{17 19 24 25 26 27 33 39}
{10 16 17 18 24 31 34 38}
{10 17 18 19 24 26 27 39}
{10 17 18 24 26 27 34 39}
{17 18 24 25 26 27 34 39}
{17 18 19 24 25 26 27 39}
{11 17 18 19 24 25 27 39}
{16 17 18 24 25 31 34 38}
{11 18 19 24 25 27 32 39}
{18 19 24 25 26 32 35 39}
{19 24 25 26 32 33 35 39}
{17 19 24 25 26 33 35 39}
{11 18 19 25 27 35 39 40}
{10 17 18 19 24 26 35 39}
{18 19 25 26 27 35 39 40}
{17 18 19 24 25 26 35 39}
{11 18 19 24 27 32 35 39}
{11 17 18 19 24 25 35 39}
{10 18 24 26 27 34 35 39}
{11 18 19 24 25 32 35 39}
{18 24 25 27 32 34 35 39}
{10 17 18 24 31 34 35 38}
{10 17 18 24 27 34 35 39}
{10 18 19 24 26 27 35 39}
{17 18 24 25 27 34 35 39}
{18 19 24 26 27 32 35 39}
{11 17 18 24 25 27 35 39}
{9 16 17 18 25 31 34 38}
{11 18 24 25 27 32 35 39}
{17 24 26 27 33 34 35 39}
{17 19 24 26 27 33 35 39}
{18 24 26 27 32 34 35 39}
{18 24 25 31 32 34 35 38}
{10 17 19 24 26 27 35 39}
{10 17 24 26 27 34 35 39}
{19 24 25 27 32 33 35 39}
{17 19 24 25 27 33 35 39}
{17 18 24 25 31 34 35 38}
{11 17 19 24 25 27 35 39}
{16 24 25 26 31 32 33 38}
{11 19 24 25 27 32 35 39}
{16 18 24 25 26 31 32 38}
{10 16 17 18 24 26 31 38}
{10 17 24 26 34 35 38 39}
{9 16 17 25 26 31 33 38}
{18 24 26 32 34 35 38 39}
{17 24 26 33 34 35 38 39}
{16 17 18 24 25 26 31 38}
{17 18 24 25 34 35 38 39}
{10 17 18 24 34 35 38 39}
{10 17 18 24 26 31 35 38}
{18 24 25 32 34 35 38 39}
{10 18 24 26 34 35 38 39}
{17 18 24 25 26 35 38 39}
{10 17 18 24 26 35 38 39}
{17 24 25 26 33 35 38 39}
{24 25 26 32 33 35 38 39}
{18 24 25 26 32 35 38 39}
{16 17 24 25 26 31 33 38}
{17 18 24 25 26 34 38 39}
{10 17 18 24 26 34 38 39}
{9 16 17 18 25 26 31 38}
{17 24 25 26 33 34 38 39}
{18 24 25 26 32 34 38 39}
{24 25 26 32 33 34 38 39}
{18 26 32 34 35 38 39 40}
{25 26 33 34 35 38 39 40}
{18 25 32 34 35 38 39 40}
{17 24 25 26 31 33 35 38}
{26 32 33 35 38 39 40 41}
{26 32 33 34 38 39 40 41}
{26 32 34 35 38 39 40 41}
{26 33 34 35 38 39 40 41}
{18 25 26 34 35 38 39 40}
{25 26 32 33 34 38 39 40}
{18 25 26 32 34 38 39 40}
{25 26 32 33 35 38 39 40}
{18 25 26 32 35 38 39 40}
{32 33 34 35 38 39 40 41}
{22 23 28 30 31 32 35 43}
{18 24 25 26 31 32 35 38}
{17 18 24 25 26 31 35 38}
{23 24 31 32 33 35 36 37}
{24 26 31 32 33 35 36 38}
{8 16 24 30 32 33 36 37}
{32 33 34 35 36 39 41 42}
{16 24 26 31 32 34 36 38}
{24 26 31 32 34 35 36 38}
{27 32 33 35 36 39 41 42}
{27 32 33 34 36 39 41 42}
{27 33 34 35 36 39 41 42}
{27 32 34 35 36 39 41 42}
{16 24 26 31 33 34 36 38}
{24 26 31 33 34 35 36 38}
{16 26 31 32 33 34 36 38}
{16 24 26 31 32 33 36 38}
{24 26 32 34 35 36 38 39}
{24 26 33 34 35 36 38 39}
{24 26 32 33 35 36 38 39}
{24 26 32 33 34 36 38 39}
{26 32 33 35 36 38 39 41}
{26 32 33 34 36 38 39 41}
{26 32 34 35 36 38 39 41}
{26 33 34 35 36 38 39 41}
{32 33 34 35 36 38 39 41}
{14 20 21 22 28 30 34 42}
{14 20 22 27 28 30 34 42}
{14 20 21 22 27 30 34 42}
{14 21 22 28 30 35 42 43}
{14 21 22 30 34 35 42 43}
{14 21 22 28 34 35 42 43}
{14 21 22 28 30 34 42 43}
{14 22 28 30 34 35 42 43}
{22 23 30 31 32 35 36 43}
{22 27 30 32 34 35 36 42}
{14 20 21 22 27 28 30 42}
{14 21 22 27 28 34 35 42}
{14 21 22 27 30 34 35 42}
{14 21 22 27 28 30 35 42}
{13 20 21 22 27 30 34 42}
{14 20 21 22 27 28 34 42}
{20 22 27 28 30 32 34 42}
{14 22 27 28 30 34 35 42}
{22 27 28 30 32 34 35 42}
{22 27 28 29 30 32 35 42}
{22 27 28 29 32 34 35 42}
{20 22 27 28 29 30 32 42}
{20 22 27 28 29 32 34 42}
{20 22 28 29 30 32 34 42}
{20 22 27 29 30 32 34 42}
{20 21 22 27 28 29 34 42}
{13 20 21 22 27 29 34 42}
{13 21 22 27 29 30 34 42}
{13 20 21 22 29 30 34 42}
{13 20 22 27 29 30 34 42}
{13 20 21 22 27 29 30 42}
{21 22 27 28 29 30 35 42}
{21 22 27 29 30 34 35 42}
{21 22 27 28 29 34 35 42}
{20 21 22 27 28 29 30 42}
{22 27 29 30 32 35 36 42}
{22 27 29 30 32 34 36 42}
{22 27 29 32 34 35 36 42}
{22 27 29 30 34 35 36 42}
{22 23 29 30 31 35 36 43}
{22 23 29 30 31 32 36 43}
{22 23 29 30 32 35 36 43}
{21 22 28 29 30 34 42 43}
{21 22 28 29 34 35 42 43}
{21 22 29 30 34 35 42 43}
{21 22 28 29 30 35 42 43}
{20 21 22 28 29 30 34 42}
{16 24 26 29 31 32 33 36}
{16 26 29 31 32 33 34 36}
{24 26 29 31 33 34 35 36}
{16 24 26 29 31 33 34 36}
{27 29 32 34 35 36 41 42}
{27 29 33 34 35 36 41 42}
{27 29 32 33 34 36 41 42}
{27 29 32 33 35 36 41 42}
{24 26 29 31 32 34 35 36}
{16 24 26 29 31 32 34 36}
{8 16 24 29 30 32 33 36}
{24 26 29 31 32 33 35 36}
{23 24 29 31 32 33 35 36}
{22 23 28 29 30 31 32 43}
{22 23 28 29 30 32 35 43}
{16 24 26 29 32 33 34 36}
{22 29 31 32 34 35 36 43}
{22 29 30 31 34 35 36 43}
{22 29 30 31 32 34 36 43}
{8 16 23 24 29 32 33 36}
{22 28 29 31 32 34 35 43}
{22 28 29 30 31 32 34 43}
{16 23 24 29 31 32 33 36}
{16 29 30 31 32 33 34 36}
{8 16 23 29 30 32 33 36}
{16 23 29 30 31 32 33 36}
{24 27 29 30 33 34 35 36}
{24 29 30 31 33 34 35 36}
{16 24 29 30 31 33 34 36}
{16 23 24 29 30 31 33 36}
{23 24 29 30 31 33 35 36}
{29 31 32 33 34 36 41 43}
{21 28 29 34 35 41 42 43}
{21 29 33 34 35 41 42 43}
{21 28 29 33 34 41 42 43}
{21 28 29 33 35 41 42 43}
{21 28 29 30 33 34 42 43}
{21 28 29 30 33 35 42 43}
{21 29 30 33 34 35 42 43}
{29 31 32 33 35 36 41 43}
{8 16 23 24 29 30 33 36}
{24 27 29 30 32 33 35 36}
{22 28 29 30 32 35 42 43}
{22 28 29 32 34 35 42 43}
{22 28 29 30 32 34 42 43}
{22 29 30 32 35 36 42 43}
{22 29 30 34 35 36 42 43}
{22 29 32 34 35 36 42 43}
{22 29 30 32 34 36 42 43}
{28 29 32 34 35 41 42 43}
{28 29 32 33 34 41 42 43}
{28 29 32 33 35 41 42 43}
{28 29 31 32 33 34 41 43}
{28 29 31 32 33 35 41 43}
{28 29 31 32 34 35 41 43}
{23 24 29 30 32 33 35 36}
{29 32 34 35 36 41 42 43}
{29 33 34 35 36 41 42 43}
{29 32 33 34 36 41 42 43}
{29 32 33 35 36 41 42 43}
{20 26 27 28 29 32 34 41}
{26 28 29 31 32 34 35 41}
{8 23 24 29 30 32 33 36}
{20 26 27 29 32 33 34 41}
{12 19 20 26 29 32 33 41}
{19 20 26 27 29 32 33 41}
{19 20 27 28 29 32 33 41}
{26 28 29 31 32 33 35 41}
{19 26 28 29 32 33 35 41}
{12 19 26 28 29 32 33 41}
{26 28 29 31 32 33 34 41}
{20 26 28 29 32 33 34 41}
{12 19 20 28 29 32 33 41}
{12 20 26 28 29 32 33 41}
{19 27 28 29 32 33 35 41}
{27 28 29 30 32 33 35 42}
{27 28 29 32 33 35 41 42}
{20 28 29 32 33 34 41 42}
{20 27 28 29 30 32 33 42}
{20 27 28 29 32 33 41 42}
{20 27 29 32 33 34 41 42}
{20 27 28 29 32 34 41 42}
{27 28 29 32 34 35 41 42}
{20 27 29 30 32 33 34 42}
{20 28 29 30 32 33 34 42}
{23 29 30 31 33 35 36 43}
{13 21 27 29 30 33 34 42}
{13 20 21 29 30 33 34 42}
{13 20 27 29 30 33 34 42}
{13 20 21 27 29 30 33 42}
{20 21 27 28 29 30 33 42}
{20 21 28 29 30 33 34 42}
{21 27 28 29 30 33 35 42}
{21 27 29 30 33 34 35 42}
{29 30 31 33 34 35 36 43}
{21 27 28 29 33 35 41 42}
{21 27 28 29 34 35 41 42}
{21 27 29 33 34 35 41 42}
{20 21 28 29 33 34 41 42}
{20 21 27 28 29 33 41 42}
{20 21 27 28 29 34 41 42}
{13 20 21 27 29 34 41 42}
{13 20 27 29 33 34 41 42}
{13 20 21 27 29 33 41 42}
{13 20 21 29 33 34 41 42}
{13 21 27 29 33 34 41 42}
{21 22 29 30 31 34 35 43}
{23 28 29 30 31 32 33 43}
{28 29 30 31 32 33 34 43}
{21 22 28 29 30 31 34 43}
{21 22 28 29 31 34 35 43}
{23 29 30 31 32 33 36 43}
{29 30 31 32 33 34 36 43}
{8 16 22 24 29 30 32 36}
{8 22 23 24 29 30 32 36}
{8 16 22 23 24 29 30 36}
{8 16 22 23 29 30 32 36}
{8 16 22 23 24 29 32 36}
{23 28 29 31 32 33 35 43}
{16 22 23 24 29 30 31 36}
{16 22 23 29 30 31 32 36}
{16 22 24 29 30 32 34 36}
{16 22 24 29 31 32 34 36}
{16 22 24 29 30 31 34 36}
{16 22 29 30 31 32 34 36}
{28 29 30 32 33 35 42 43}
{22 23 24 29 30 32 35 36}
{22 23 24 29 30 31 35 36}
{22 24 29 31 32 34 35 36}
{22 24 29 30 31 34 35 36}
{22 24 27 29 30 32 34 36}
{22 24 27 29 30 32 35 36}
{22 24 27 29 30 34 35 36}
{22 24 27 29 32 34 35 36}
{15 23 24 29 31 32 35 36}
{15 22 24 29 31 32 35 36}
{15 22 23 24 29 32 35 36}
{15 22 23 24 29 31 35 36}
{15 16 23 24 29 31 32 36}
{15 16 22 24 29 31 32 36}
{15 16 22 23 24 29 31 36}
{15 16 22 23 29 31 32 36}
{15 16 22 23 24 29 32 36}
{21 22 23 28 29 30 35 43}
{27 29 30 33 34 35 36 42}
{15 22 23 29 31 35 36 43}
{15 22 29 31 32 35 36 43}
{15 22 23 29 32 35 36 43}
{15 22 23 29 31 32 36 43}
{15 23 29 31 32 35 36 43}
{24 27 29 30 32 33 34 36}
{16 24 29 30 32 33 34 36}
{27 29 30 32 33 34 36 42}
{24 27 29 32 33 35 36 41}
{29 31 33 34 35 36 41 43}
{21 22 23 28 29 30 31 43}
{21 22 23 29 30 31 35 43}
{29 31 32 34 35 36 41 43}
{28 29 30 32 33 34 42 43}
{27 29 30 32 33 35 36 42}
{23 29 30 32 33 35 36 43}
{24 26 29 33 34 35 36 41}
{24 27 29 33 34 35 36 41}
{21 26 29 31 33 34 35 41}
{21 26 28 29 31 34 35 41}
{21 26 28 29 31 33 35 41}
{21 26 28 29 31 33 34 41}
{13 21 26 27 29 33 34 41}
{13 20 21 26 29 33 34 41}
{13 20 26 27 29 33 34 41}
{13 20 21 26 27 29 34 41}
{20 21 26 27 28 29 34 41}
{20 21 26 28 29 33 34 41}
{21 26 27 28 29 34 35 41}
{21 26 27 29 33 34 35 41}
{19 21 26 27 28 29 35 41}
{19 21 26 28 29 33 35 41}
{19 21 27 28 29 33 35 41}
{19 21 26 27 29 33 35 41}
{26 29 31 32 34 35 36 41}
{12 19 20 21 26 28 29 41}
{12 19 20 21 26 29 33 41}
{12 19 21 26 28 29 33 41}
{12 19 20 21 28 29 33 41}
{12 20 21 26 28 29 33 41}
{13 19 20 21 26 27 29 41}
{13 19 20 21 26 29 33 41}
{13 19 20 26 27 29 33 41}
{13 19 20 21 27 29 33 41}
{13 19 21 26 27 29 33 41}
{24 26 29 32 33 35 36 41}
{19 20 21 26 27 28 29 41}
{19 20 21 27 28 29 33 41}
{26 29 31 33 34 35 36 41}
{24 27 29 32 33 34 36 41}
{15 21 23 28 29 31 35 43}
{15 21 22 23 28 29 31 43}
{15 21 22 23 29 31 35 43}
{15 21 22 23 28 29 35 43}
{15 21 22 28 29 31 35 43}
{12 13 19 20 21 26 29 33}
{5 12 13 19 21 26 29 33}
{24 26 27 29 32 34 35 41}
{24 26 29 32 33 34 36 41}
{21 29 30 31 33 34 35 43}
{21 28 29 30 31 33 34 43}
{26 29 31 32 33 35 36 41}
{19 20 26 27 28 29 32 41}
{24 27 29 32 34 35 36 41}
{24 26 29 32 34 35 36 41}
{26 29 31 32 33 34 36 41}
{19 24 26 27 29 32 35 41}
{19 24 26 27 29 32 33 41}
{24 26 27 29 32 33 34 41}
{19 24 26 29 32 33 35 41}
{19 24 26 27 29 33 35 41}
{24 26 27 29 33 34 35 41}
{23 28 29 30 32 33 35 43}
{21 23 29 30 31 33 35 43}
{21 23 28 29 30 33 35 43}
{21 23 28 29 31 33 35 43}
{21 23 28 29 30 31 33 43}
{29 30 32 33 34 36 42 43}
{21 28 29 31 34 35 41 43}
{21 29 31 33 34 35 41 43}
{21 28 29 31 33 34 41 43}
{21 28 29 31 33 35 41 43}
{29 30 33 34 35 36 42 43}
{19 24 27 29 32 33 35 41}
{29 30 32 33 35 36 42 43}
{12 19 20 26 28 29 32 41}
{19 26 27 28 29 32 35 41}
{26 27 28 29 32 34 35 41}
{23 29 31 32 33 35 36 43}
{15 23 28 29 31 32 35 43}
{15 22 23 28 29 31 32 43}
{15 22 23 28 29 32 35 43}
{15 22 28 29 31 32 35 43}
{8 15 16 22 23 24 29 32}
{0 8 15 16 22 24 29 32}
